2012-02-01 13:43:32; cppcms_http, info: GET /wikipp (http_api.cpp:247)
2012-02-01 13:43:32; cppcms_http, info: GET /wikipp/en/page/main (http_api.cpp:247)
2012-02-01 13:43:32; cppcms_http, info: GET /wikipp/en/page/main/edit (http_api.cpp:247)
2012-02-01 13:43:32; cppcms_http, info: GET /media/style.css (http_api.cpp:247)
2012-02-01 13:43:32; cppcms_http, info: GET /media/style-ltr.css (http_api.cpp:247)
2012-02-01 13:43:42; cppcms_http, info: POST /wikipp/en/page/main/edit (http_api.cpp:247)
2012-02-01 13:43:42; cppcms_http, info: GET /wikipp/en/page/main (http_api.cpp:247)
2012-02-01 13:43:42; cppcms_http, info: GET /media/style.css (http_api.cpp:247)
2012-02-01 13:43:42; cppcms_http, info: GET /media/style-ltr.css (http_api.cpp:247)
2012-02-01 13:43:44; cppcms_http, info: GET /wikipp/en/login/ (http_api.cpp:247)
2012-02-01 13:43:44; cppcms_http, info: GET /media/style.css (http_api.cpp:247)
2012-02-01 13:43:44; cppcms_http, info: GET /media/style-ltr.css (http_api.cpp:247)
2012-02-01 13:43:46; cppcms_http, info: GET /wikipp/en/register/ (http_api.cpp:247)
2012-02-01 13:43:46; cppcms_http, info: GET /media/style.css (http_api.cpp:247)
2012-02-01 13:43:46; cppcms_http, info: GET /media/style-ltr.css (http_api.cpp:247)
2012-02-01 13:43:53; cppcms_http, info: POST /wikipp/en/register/ (http_api.cpp:247)
2012-02-01 13:43:54; cppcms_http, info: GET /wikipp/en/page/main (http_api.cpp:247)
2012-02-01 13:43:54; cppcms_http, info: GET /media/style.css (http_api.cpp:247)
2012-02-01 13:43:54; cppcms_http, info: GET /media/style-ltr.css (http_api.cpp:247)
2012-02-01 13:43:56; cppcms_http, info: GET /wikipp/en/page/main (http_api.cpp:247)
2012-02-01 13:43:56; cppcms_http, info: GET /media/style.css (http_api.cpp:247)
2012-02-01 13:43:56; cppcms_http, info: GET /media/style-ltr.css (http_api.cpp:247)
2012-02-01 13:43:57; cppcms_http, info: GET /wikipp/pl (http_api.cpp:247)
2012-02-01 13:43:57; cppcms_http, info: GET /wikipp/pl/page/main (http_api.cpp:247)
2012-02-01 13:43:57; cppcms_http, info: GET /wikipp/pl/page/main/edit (http_api.cpp:247)
2012-02-01 13:43:57; cppcms_http, info: GET /media/style.css (http_api.cpp:247)
2012-02-01 13:43:57; cppcms_http, info: GET /media/style-ltr.css (http_api.cpp:247)
2012-02-01 13:43:58; cppcms_http, info: GET /wikipp/en (http_api.cpp:247)
2012-02-01 13:43:58; cppcms_http, info: GET /wikipp/en/page/main (http_api.cpp:247)
2012-02-01 13:43:58; cppcms_http, info: GET /media/style.css (http_api.cpp:247)
2012-02-01 13:43:58; cppcms_http, info: GET /media/style-ltr.css (http_api.cpp:247)
2012-02-01 13:43:59; cppcms_http, info: GET /wikipp/ru (http_api.cpp:247)
2012-02-01 13:43:59; cppcms_http, info: GET /wikipp/ru/page/main (http_api.cpp:247)
2012-02-01 13:43:59; cppcms_http, info: GET /wikipp/ru/page/main/edit (http_api.cpp:247)
2012-02-01 13:44:00; cppcms_http, info: GET /media/style.css (http_api.cpp:247)
2012-02-01 13:44:00; cppcms_http, info: GET /media/style-ltr.css (http_api.cpp:247)
2012-02-01 13:44:00; cppcms_http, info: GET /wikipp/he (http_api.cpp:247)
2012-02-01 13:44:00; cppcms_http, info: GET /wikipp/he/page/main (http_api.cpp:247)
2012-02-01 13:44:00; cppcms_http, info: GET /wikipp/he/page/main/edit (http_api.cpp:247)
2012-02-01 13:44:01; cppcms_http, info: GET /media/style.css (http_api.cpp:247)
2012-02-01 13:44:01; cppcms_http, info: GET /media/style-rtl.css (http_api.cpp:247)
2012-02-01 13:44:04; cppcms_http, info: GET /wikipp/he/page/main (http_api.cpp:247)
2012-02-01 13:44:04; cppcms_http, info: GET /wikipp/he/page/main/edit (http_api.cpp:247)
2012-02-01 13:44:04; cppcms_http, info: GET /media/style.css (http_api.cpp:247)
2012-02-01 13:44:04; cppcms_http, info: GET /media/style-rtl.css (http_api.cpp:247)
2012-02-01 13:44:05; cppcms_http, info: GET /wikipp/en (http_api.cpp:247)
2012-02-01 13:44:05; cppcms_http, info: GET /wikipp/en/page/main (http_api.cpp:247)
2012-02-01 13:44:05; cppcms_http, info: GET /media/style.css (http_api.cpp:247)
2012-02-01 13:44:05; cppcms_http, info: GET /media/style-ltr.css (http_api.cpp:247)
2012-02-01 13:44:06; cppcms_http, info: GET /wikipp/pl (http_api.cpp:247)
2012-02-01 13:44:06; cppcms_http, info: GET /wikipp/pl/page/main (http_api.cpp:247)
2012-02-01 13:44:06; cppcms_http, info: GET /wikipp/pl/page/main/edit (http_api.cpp:247)
2012-02-01 13:44:06; cppcms_http, info: GET /media/style.css (http_api.cpp:247)
2012-02-01 13:44:06; cppcms_http, info: GET /media/style-ltr.css (http_api.cpp:247)
2012-02-01 13:44:11; cppcms_http, info: GET /wikipp/ru (http_api.cpp:247)
2012-02-01 13:44:11; cppcms_http, info: GET /wikipp/ru/page/main (http_api.cpp:247)
2012-02-01 13:44:11; cppcms_http, info: GET /wikipp/ru/page/main/edit (http_api.cpp:247)
2012-02-01 13:44:11; cppcms_http, info: GET /media/style.css (http_api.cpp:247)
2012-02-01 13:44:11; cppcms_http, info: GET /media/style-ltr.css (http_api.cpp:247)
2012-02-01 13:44:13; cppcms_http, info: GET /wikipp/he (http_api.cpp:247)
2012-02-01 13:44:13; cppcms_http, info: GET /wikipp/he/page/main (http_api.cpp:247)
2012-02-01 13:44:13; cppcms_http, info: GET /wikipp/he/page/main/edit (http_api.cpp:247)
2012-02-01 13:44:13; cppcms_http, info: GET /media/style.css (http_api.cpp:247)
2012-02-01 13:44:13; cppcms_http, info: GET /media/style-rtl.css (http_api.cpp:247)
2012-02-01 13:44:15; cppcms_http, info: GET /wikipp/en (http_api.cpp:247)
2012-02-01 13:44:15; cppcms_http, info: GET /wikipp/en/page/main (http_api.cpp:247)
2012-02-01 13:44:15; cppcms_http, info: GET /media/style.css (http_api.cpp:247)
2012-02-01 13:44:15; cppcms_http, info: GET /media/style-ltr.css (http_api.cpp:247)
2012-02-01 13:44:24; cppcms_http, info: GET /wikipp/en/changes/ (http_api.cpp:247)
2012-02-01 13:44:24; cppcms_http, info: GET /media/style.css (http_api.cpp:247)
2012-02-01 13:44:24; cppcms_http, info: GET /media/style-ltr.css (http_api.cpp:247)
